01:03:48 Loaded 500 cached emails
01:03:48 Already done: 25
01:03:48 Remaining to process: 453
01:03:48 Split into 2 chunks of size ~227
01:03:48 Starting workers...
01:04:00 [1/453] 19dfe404... (12s, 0.08/s, ETA 5562s)
01:04:03 [2/453] 19e18669... (15s, 0.13/s, ETA 3365s)
01:04:19 [3/453] 19dfe3cc... (31s, 0.10/s, ETA 4716s)
01:04:22 [4/453] 19e1780d... (34s, 0.12/s, ETA 3766s)
01:04:35 [5/453] 19dfe2d3... (48s, 0.11/s, ETA 4257s)
01:04:41 [6/453] 19e18077... (53s, 0.11/s, ETA 3967s)
01:05:05 [7/453] 19e1832e... (77s, 0.09/s, ETA 4887s)
01:05:08 [8/453] 19dfe37d... (80s, 0.10/s, ETA 4430s)
01:05:22 [9/453] 19dfe3c3... (94s, 0.10/s, ETA 4654s)
01:05:41 [10/453] 19e177e2... (113s, 0.09/s, ETA 5000s)
01:05:51 [11/453] 19dfe281... (123s, 0.09/s, ETA 4953s)
01:06:03 [12/453] 19e17133... (135s, 0.09/s, ETA 4974s)
01:06:17 [13/453] 19dfe11d... (149s, 0.09/s, ETA 5041s)
01:06:35 [14/453] 19e18654... (167s, 0.08/s, ETA 5222s)
01:06:43 [15/453] 19dfe20f... (175s, 0.09/s, ETA 5104s)
01:06:53 [16/453] 19e186ba... (185s, 0.09/s, ETA 5061s)
01:07:12 [17/453] 19e17671... (204s, 0.08/s, ETA 5229s)
01:07:13 [18/453] 19dfe118... (205s, 0.09/s, ETA 4960s)
01:07:35 [19/453] 19dfe1af... (227s, 0.08/s, ETA 5178s)
01:07:41 [20/453] 19e173ff... (233s, 0.09/s, ETA 5041s)
01:07:58 [21/453] 19dfe0b3... (250s, 0.08/s, ETA 5139s)
01:08:13 [22/453] 19e1701b... (265s, 0.08/s, ETA 5195s)
01:08:15 [23/453] 19dfe0a2... (267s, 0.09/s, ETA 4993s)
01:08:32 [24/453] 19dfe015... (284s, 0.08/s, ETA 5084s)
01:08:38 [25/453] 19e16d6d... (290s, 0.09/s, ETA 4963s)
01:09:06 [26/453] 19dfe06a... (318s, 0.08/s, ETA 5223s)
01:09:11 [27/453] 19e170a5... (323s, 0.08/s, ETA 5098s)
01:09:30 [28/453] 19dfdec0... (342s, 0.08/s, ETA 5197s)
01:09:39 [29/453] 19e178f6... (351s, 0.08/s, ETA 5127s)
01:09:54 [30/453] 19dfdfde... (366s, 0.08/s, ETA 5156s)
01:10:10 [31/453] 19dfdea0... (382s, 0.08/s, ETA 5200s)
01:10:22 [32/453] 19e165ae... (394s, 0.08/s, ETA 5181s)
01:10:32 [33/453] 19dfde99... (404s, 0.08/s, ETA 5140s)
01:10:43 [34/453] 19e162b3... (416s, 0.08/s, ETA 5121s)
01:10:55 [35/453] 19dfde8a... (427s, 0.08/s, ETA 5105s)
01:11:06 [36/453] 19e13af6... (438s, 0.08/s, ETA 5075s)
01:11:20 [37/453] 19dfde77... (452s, 0.08/s, ETA 5084s)
01:11:34 [38/453] 19e15c98... (466s, 0.08/s, ETA 5086s)
01:11:42 [39/453] 19dfdcb1... (474s, 0.08/s, ETA 5028s)
01:11:56 [40/453] 19e15317... (488s, 0.08/s, ETA 5040s)
01:12:06 [41/453] 19dfde22... (498s, 0.08/s, ETA 5004s)
01:12:18 [42/453] 19e15f77... (510s, 0.08/s, ETA 4993s)
01:12:36 [43/453] 19dfd9ff... (528s, 0.08/s, ETA 5030s)
01:12:38 [44/453] 19e137e5... (530s, 0.08/s, ETA 4925s)
01:12:56 [45/453] 19e13141... (548s, 0.08/s, ETA 4969s)
01:13:04 [46/453] 19dfda03... (556s, 0.08/s, ETA 4920s)
01:13:30 [47/453] 19e12eb4... (582s, 0.08/s, ETA 5024s)
01:13:35 [48/453] 19dfd97f... (587s, 0.08/s, ETA 4953s)
01:13:55 [49/453] 19e12cc6... (607s, 0.08/s, ETA 5003s)
01:14:02 [50/453] 19dfd8d3... (614s, 0.08/s, ETA 4949s)
01:14:15 [51/453] 19e12e51... (627s, 0.08/s, ETA 4939s)
01:14:25 [52/453] 19dfd73b... (637s, 0.08/s, ETA 4909s)
01:14:36 [53/453] 19e12a04... (648s, 0.08/s, ETA 4889s)
01:14:46 [54/453] 19dfd7f9... (658s, 0.08/s, ETA 4861s)
01:14:59 [55/453] 19e129ed... (671s, 0.08/s, ETA 4856s)
01:15:11 [56/453] 19dfd6e8... (683s, 0.08/s, ETA 4841s)
01:15:22 [57/453] 19e12939... (694s, 0.08/s, ETA 4819s)
01:15:36 [58/453] 19dfd76d... (708s, 0.08/s, ETA 4823s)
01:15:42 [59/453] 19e12500... (714s, 0.08/s, ETA 4770s)
01:15:57 [60/453] 19dfd543... (729s, 0.08/s, ETA 4776s)
01:16:14 [61/453] 19e12114... (746s, 0.08/s, ETA 4796s)
01:16:30 [62/453] 19dfd609... (762s, 0.08/s, ETA 4807s)
01:16:39 [63/453] 19e1242a... (771s, 0.08/s, ETA 4774s)
01:16:49 [64/453] 19dfd4eb... (781s, 0.08/s, ETA 4745s)
01:17:01 [65/453] 19e11f48... (793s, 0.08/s, ETA 4735s)
01:17:14 [66/453] 19dfd6da... (806s, 0.08/s, ETA 4727s)
01:17:26 [67/453] 19e0f4d1... (818s, 0.08/s, ETA 4713s)
01:17:48 [68/453] 19dfd417... (840s, 0.08/s, ETA 4754s)
01:17:57 [69/453] 19e0f775... (849s, 0.08/s, ETA 4723s)
01:18:19 [70/453] 19dfd206... (871s, 0.08/s, ETA 4763s)
01:18:21 [71/453] 19e10431... (873s, 0.08/s, ETA 4696s)
01:18:36 [72/453] 19dfd058... (888s, 0.08/s, ETA 4697s)
01:18:41 [73/453] 19e11c25... (893s, 0.08/s, ETA 4651s)
01:18:54 [74/453] 19e0f1af... (906s, 0.08/s, ETA 4639s)
01:18:56 [75/453] 19dfd3ee... (908s, 0.08/s, ETA 4574s)
01:19:09 [76/453] 19e0ef9e... (921s, 0.08/s, ETA 4569s)
01:19:12 [77/453] 19dfc169... (924s, 0.08/s, ETA 4511s)
01:19:36 [78/453] 19dfb87e... (949s, 0.08/s, ETA 4560s)
01:19:43 [79/453] 19e0ea8a... (955s, 0.08/s, ETA 4523s)
01:19:58 [80/453] 19dfc08d... (970s, 0.08/s, ETA 4524s)
01:20:07 [81/453] 19e0e9db... (979s, 0.08/s, ETA 4496s)
01:20:19 [82/453] 19dfbfd6... (991s, 0.08/s, ETA 4485s)
01:20:32 [83/453] 19e0d318... (1004s, 0.08/s, ETA 4475s)
01:20:43 [84/453] 19dfb2c6... (1015s, 0.08/s, ETA 4457s)
01:21:00 [85/453] 19dfb479... (1032s, 0.08/s, ETA 4470s)
01:21:14 [86/453] 19e0e894... (1046s, 0.08/s, ETA 4464s)
01:21:28 [87/453] 19dfb1a9... (1060s, 0.08/s, ETA 4460s)
01:21:35 [88/453] 19e0d178... (1067s, 0.08/s, ETA 4428s)
01:21:49 [89/453] 19e0d0aa... (1081s, 0.08/s, ETA 4420s)
01:21:52 [90/453] 19dfb1e7... (1084s, 0.08/s, ETA 4373s)
01:22:03 [91/453] 19dfafa7... (1096s, 0.08/s, ETA 4358s)
01:22:24 [92/453] 19dfb059... (1116s, 0.08/s, ETA 4378s)
01:22:29 [93/453] 19e0d023... (1121s, 0.08/s, ETA 4340s)
01:22:47 [94/453] 19e0cf3a... (1139s, 0.08/s, ETA 4349s)
01:22:55 [95/453] 19dfaedd... (1147s, 0.08/s, ETA 4323s)
01:23:09 [96/453] 19e0c935... (1161s, 0.08/s, ETA 4317s)
01:23:22 [97/453] 19dfacea... (1174s, 0.08/s, ETA 4309s)
01:23:39 [98/453] 19dfaaf9... (1191s, 0.08/s, ETA 4315s)
01:23:46 [99/453] 19e0ccec... (1198s, 0.08/s, ETA 4283s)
01:25:39 [100/453] 19dfaa94... (1311s, 0.08/s, ETA 4629s)
01:25:46 [101/453] 19e0c8c8... (1318s, 0.08/s, ETA 4593s)
01:26:55 [102/453] 19dfaa7d... (1387s, 0.07/s, ETA 4773s)
01:27:04 [103/453] 19e0c596... (1396s, 0.07/s, ETA 4744s)
01:27:21 [104/453] 19dfa992... (1413s, 0.07/s, ETA 4741s)
01:27:32 [105/453] 19e0ca46... (1424s, 0.07/s, ETA 4720s)
01:27:49 [106/453] 19dfaa7d... (1441s, 0.07/s, ETA 4716s)
01:28:06 [107/453] 19e0bd16... (1458s, 0.07/s, ETA 4714s)
01:28:16 [108/453] 19dfa893... (1468s, 0.07/s, ETA 4691s)
01:28:27 [109/453] 19e0a773... (1479s, 0.07/s, ETA 4667s)
01:28:38 [110/453] 19dfa73c... (1490s, 0.07/s, ETA 4645s)
01:28:52 [111/453] 19e09cf6... (1504s, 0.07/s, ETA 4634s)
01:29:06 [112/453] 19dfa71f... (1518s, 0.07/s, ETA 4623s)
01:29:11 [113/453] 19e0a39e... (1523s, 0.07/s, ETA 4583s)
01:29:27 [114/453] 19dfa6b0... (1539s, 0.07/s, ETA 4576s)
01:29:32 [115/453] 19e09c11... (1544s, 0.07/s, ETA 4539s)
01:29:45 [116/453] 19dfa857... (1557s, 0.07/s, ETA 4524s)
01:29:59 [117/453] 19dfa2a8... (1571s, 0.07/s, ETA 4512s)
01:30:10 [118/453] 19e09b54... (1582s, 0.07/s, ETA 4491s)
01:30:27 [119/453] 19e0980a... (1599s, 0.07/s, ETA 4489s)
01:30:37 [120/453] 19dfa0db... (1609s, 0.07/s, ETA 4464s)
01:30:52 [121/453] 19e095cc... (1624s, 0.07/s, ETA 4457s)
01:31:07 [122/453] 19dfa4db... (1639s, 0.07/s, ETA 4448s)
01:31:23 [123/453] 19e096c0... (1655s, 0.07/s, ETA 4440s)
01:31:27 [124/453] 19dfa0d2... (1659s, 0.07/s, ETA 4403s)
01:31:41 [125/453] 19e094e1... (1673s, 0.07/s, ETA 4390s)
01:31:55 [126/453] 19e0915e... (1687s, 0.07/s, ETA 4378s)
01:31:55 [127/453] 19dfa09e... (1687s, 0.08/s, ETA 4330s)
01:32:12 [128/453] 19e09271... (1704s, 0.08/s, ETA 4327s)
01:32:19 [129/453] 19dfa075... (1711s, 0.08/s, ETA 4298s)
01:32:34 [130/453] 19e094b9... (1726s, 0.08/s, ETA 4289s)
01:32:48 [131/453] 19df9e42... (1740s, 0.08/s, ETA 4277s)
01:32:51 [132/453] 19e090ff... (1743s, 0.08/s, ETA 4239s)
01:33:09 [133/453] 19e090ff... (1761s, 0.08/s, ETA 4238s)
01:33:23 [134/453] 19df9d8c... (1775s, 0.08/s, ETA 4225s)
01:33:43 [135/453] 19df9d79... (1795s, 0.08/s, ETA 4229s)
01:33:46 [136/453] 19e09138... (1798s, 0.08/s, ETA 4191s)
01:34:03 [137/453] 19e090ff... (1815s, 0.08/s, ETA 4186s)
01:34:07 [138/453] 19df9c29... (1819s, 0.08/s, ETA 4151s)
01:34:21 [139/453] 19e090ff... (1833s, 0.08/s, ETA 4142s)
01:34:29 [140/453] 19dfa340... (1841s, 0.08/s, ETA 4117s)
01:34:45 [141/453] 19e090ff... (1857s, 0.08/s, ETA 4109s)
01:34:59 [142/453] 19df9d24... (1871s, 0.08/s, ETA 4099s)
01:35:17 [143/453] 19e08d6f... (1889s, 0.08/s, ETA 4095s)
01:35:27 [144/453] 19df9c4e... (1899s, 0.08/s, ETA 4074s)
01:35:51 [145/453] 19df9b14... (1923s, 0.08/s, ETA 4085s)
01:35:59 [146/453] 19e08f55... (1931s, 0.08/s, ETA 4061s)
01:36:19 [147/453] 19df99a9... (1951s, 0.08/s, ETA 4062s)
01:36:39 [148/453] 19e08c88... (1971s, 0.08/s, ETA 4061s)
01:36:45 [149/453] 19df9840... (1977s, 0.08/s, ETA 4033s)
01:37:02 [150/453] 19e090ff... (1994s, 0.08/s, ETA 4027s)
01:37:35 [151/453] 19df9823... (2027s, 0.07/s, ETA 4054s)
01:37:36 [152/453] 19e08c27... (2028s, 0.07/s, ETA 4016s)
01:37:55 [153/453] 19df9633... (2047s, 0.07/s, ETA 4014s)
01:38:04 [154/453] 19e08ee6... (2056s, 0.07/s, ETA 3992s)
01:38:28 [155/453] 19e08bb2... (2080s, 0.07/s, ETA 4000s)
01:38:36 [156/453] 19df96fa... (2088s, 0.07/s, ETA 3975s)
01:38:52 [157/453] 19e08655... (2104s, 0.07/s, ETA 3967s)
01:39:07 [158/453] 19df95eb... (2119s, 0.07/s, ETA 3957s)
01:39:24 [159/453] 19e086d6... (2136s, 0.07/s, ETA 3950s)
01:39:27 [160/453] 19df94df... (2139s, 0.07/s, ETA 3916s)
01:39:39 [161/453] 19df94df... (2151s, 0.07/s, ETA 3901s)
01:39:43 [162/453] 19e080de... (2155s, 0.08/s, ETA 3871s)
01:39:57 [163/453] 19df9411... (2169s, 0.08/s, ETA 3859s)
01:40:04 [164/453] 19e0818d... (2176s, 0.08/s, ETA 3835s)
01:40:20 [165/453] 19df932e... (2192s, 0.08/s, ETA 3825s)
01:40:29 [166/453] 19e07da5... (2201s, 0.08/s, ETA 3805s)
01:40:49 [167/453] 19df9293... (2221s, 0.08/s, ETA 3803s)
01:41:07 [168/453] 19e07c8d... (2239s, 0.08/s, ETA 3798s)
01:41:16 [169/453] 19df907a... (2248s, 0.08/s, ETA 3778s)
01:41:28 [170/453] 19e07a92... (2260s, 0.08/s, ETA 3762s)
01:41:40 [171/453] 19df9054... (2272s, 0.08/s, ETA 3747s)
01:41:52 [172/453] 19e07558... (2284s, 0.08/s, ETA 3732s)
01:42:02 [173/453] 19df8f11... (2294s, 0.08/s, ETA 3713s)
01:42:19 [174/453] 19e06e81... (2311s, 0.08/s, ETA 3706s)
01:42:31 [175/453] 19df8fe4... (2323s, 0.08/s, ETA 3690s)
01:42:51 [176/453] 19e07b33... (2343s, 0.08/s, ETA 3688s)
01:42:58 [177/453] 19df8e7c... (2350s, 0.08/s, ETA 3664s)
01:43:22 [178/453] 19e05f5b... (2374s, 0.07/s, ETA 3668s)
01:43:26 [179/453] 19df8ec8... (2378s, 0.08/s, ETA 3640s)
01:43:39 [180/453] 19e06568... (2391s, 0.08/s, ETA 3627s)
01:43:46 [181/453] 19df8e63... (2398s, 0.08/s, ETA 3604s)
01:43:58 [182/453] 19e06dfe... (2410s, 0.08/s, ETA 3589s)
01:44:06 [183/453] 19df8de9... (2418s, 0.08/s, ETA 3568s)
01:44:29 [184/453] 19e05161... (2441s, 0.08/s, ETA 3569s)
01:44:57 [185/453] 19df8e69... (2469s, 0.07/s, ETA 3577s)
01:44:57 [186/453] 19e051c9... (2469s, 0.08/s, ETA 3545s)
01:45:20 [187/453] 19e048aa... (2492s, 0.08/s, ETA 3545s)
01:45:21 [188/453] 19df8de4... (2493s, 0.08/s, ETA 3514s)
01:45:32 [189/453] 19df8dc6... (2504s, 0.08/s, ETA 3498s)
01:45:34 [190/453] 19e05136... (2506s, 0.08/s, ETA 3468s)
01:45:43 [191/453] 19e048ab... (2515s, 0.08/s, ETA 3450s)
01:45:46 [192/453] 19df8dc6... (2518s, 0.08/s, ETA 3423s)
01:45:56 [193/453] 19df8dad... (2528s, 0.08/s, ETA 3406s)
01:46:01 [194/453] 19e0473c... (2533s, 0.08/s, ETA 3381s)
01:46:08 [195/453] 19df8d30... (2540s, 0.08/s, ETA 3361s)
01:46:13 [196/453] 19e045a1... (2545s, 0.08/s, ETA 3337s)
01:46:21 [197/453] 19df8cf3... (2553s, 0.08/s, ETA 3318s)
01:46:38 [198/453] 19e04245... (2570s, 0.08/s, ETA 3310s)
01:46:46 [199/453] 19df8cb8... (2578s, 0.08/s, ETA 3291s)
01:46:49 [200/453] 19e04228... (2581s, 0.08/s, ETA 3266s)
01:47:00 [201/453] 19df8c71... (2592s, 0.08/s, ETA 3250s)
01:47:04 [202/453] 19e03d69... (2596s, 0.08/s, ETA 3226s)
01:47:16 [203/453] 19e03d8c... (2608s, 0.08/s, ETA 3211s)
01:47:26 [204/453] 19df8c67... (2618s, 0.08/s, ETA 3196s)
01:47:33 [205/453] 19e03d18... (2625s, 0.08/s, ETA 3176s)
01:47:40 [206/453] 19df8c69... (2632s, 0.08/s, ETA 3156s)
01:47:54 [207/453] 19e03d13... (2646s, 0.08/s, ETA 3145s)
01:47:58 [208/453] 19df8c51... (2650s, 0.08/s, ETA 3121s)
01:48:08 [209/453] 19e03a03... (2660s, 0.08/s, ETA 3105s)
01:48:19 [210/453] 19df8b81... (2671s, 0.08/s, ETA 3090s)
01:48:22 [211/453] 19e037df... (2674s, 0.08/s, ETA 3067s)
01:48:35 [212/453] 19df8b38... (2687s, 0.08/s, ETA 3055s)
01:48:43 [213/453] 19e039ed... (2695s, 0.08/s, ETA 3036s)
01:48:47 [214/453] 19df8ad8... (2699s, 0.08/s, ETA 3015s)
01:48:54 [215/453] 19e03682... (2706s, 0.08/s, ETA 2996s)
01:49:06 [216/453] 19df89f4... (2718s, 0.08/s, ETA 2982s)
01:49:08 [217/453] 19e03357... (2720s, 0.08/s, ETA 2958s)
01:49:18 [218/453] 19df89b3... (2730s, 0.08/s, ETA 2943s)
01:49:30 [219/453] 19df8941... (2742s, 0.08/s, ETA 2930s)
01:49:40 [220/453] 19e032c5... (2752s, 0.08/s, ETA 2914s)
01:49:43 [221/453] 19df8927... (2755s, 0.08/s, ETA 2892s)
01:49:55 [222/453] 19e0312d... (2767s, 0.08/s, ETA 2879s)
01:49:57 [223/453] 19df87ea... (2769s, 0.08/s, ETA 2856s)
01:50:08 [224/453] 19df87a2... (2780s, 0.08/s, ETA 2842s)
01:50:12 [225/453] 19e0312c... (2784s, 0.08/s, ETA 2821s)
01:50:20 [226/453] 19df8741... (2792s, 0.08/s, ETA 2805s)
01:50:21 [227/453] 19e0310c... (2793s, 0.08/s, ETA 2781s)
01:50:36 [228/453] 19df855a... (2808s, 0.08/s, ETA 2771s)
01:50:39 [229/453] 19e02fe8... (2811s, 0.08/s, ETA 2750s)
01:50:50 [230/453] 19df871b... (2822s, 0.08/s, ETA 2736s)
01:50:55 [231/453] 19e02d8f... (2827s, 0.08/s, ETA 2717s)
01:51:03 [232/453] 19df850b... (2835s, 0.08/s, ETA 2700s)
01:51:17 [233/453] 19e02a21... (2849s, 0.08/s, ETA 2691s)
01:51:30 [234/453] 19df864b... (2862s, 0.08/s, ETA 2679s)
01:51:41 [235/453] 19df847c... (2873s, 0.08/s, ETA 2665s)
01:51:42 [236/453] 19e02be9... (2874s, 0.08/s, ETA 2643s)
01:51:49 [237/453] 19df849f... (2881s, 0.08/s, ETA 2626s)
01:51:57 [238/453] 19e027dd... (2889s, 0.08/s, ETA 2610s)
01:51:58 [239/453] 19df847b... (2890s, 0.08/s, ETA 2588s)
01:52:09 [240/453] 19e0259b... (2901s, 0.08/s, ETA 2574s)
01:52:21 [241/453] 19df847a... (2913s, 0.08/s, ETA 2562s)
01:52:24 [242/453] 19e02bf6... (2916s, 0.08/s, ETA 2542s)
01:52:34 [243/453] 19df8365... (2926s, 0.08/s, ETA 2529s)
01:52:35 [244/453] 19e024f8... (2927s, 0.08/s, ETA 2508s)
01:52:45 [245/453] 19e021dd... (2937s, 0.08/s, ETA 2493s)
01:52:46 [246/453] 19df833f... (2939s, 0.08/s, ETA 2473s)
01:52:56 [247/453] 19e02189... (2948s, 0.08/s, ETA 2459s)
01:52:58 [248/453] 19df830b... (2950s, 0.08/s, ETA 2439s)
01:53:08 [249/453] 19e012bf... (2960s, 0.08/s, ETA 2425s)
01:53:16 [250/453] 19df8234... (2968s, 0.08/s, ETA 2410s)
01:53:26 [251/453] 19df81a1... (2978s, 0.08/s, ETA 2397s)
01:53:33 [252/453] 19e0138a... (2985s, 0.08/s, ETA 2381s)
01:53:38 [253/453] 19df81f3... (2990s, 0.08/s, ETA 2364s)
01:53:49 [254/453] 19df813d... (3001s, 0.08/s, ETA 2351s)
01:53:54 [255/453] 19e00f86... (3006s, 0.08/s, ETA 2334s)
01:54:03 [256/453] 19e00e64... (3015s, 0.08/s, ETA 2320s)
01:54:09 [257/453] 19df8196... (3021s, 0.09/s, ETA 2304s)
01:54:13 [258/453] 19e00c46... (3025s, 0.09/s, ETA 2286s)
01:54:25 [259/453] 19df8117... (3037s, 0.09/s, ETA 2275s)
01:54:27 [260/453] 19e00787... (3039s, 0.09/s, ETA 2256s)
01:54:38 [261/453] 19e006a5... (3050s, 0.09/s, ETA 2243s)
01:54:44 [262/453] 19df803e... (3056s, 0.09/s, ETA 2228s)
01:54:55 [263/453] 19df7bd9... (3067s, 0.09/s, ETA 2216s)
01:54:56 [264/453] 19e00346... (3068s, 0.09/s, ETA 2196s)
01:55:04 [265/453] 19df7b8d... (3076s, 0.09/s, ETA 2182s)
01:55:10 [266/453] 19dffc88... (3082s, 0.09/s, ETA 2167s)
01:55:18 [267/453] 19df7815... (3090s, 0.09/s, ETA 2152s)
01:55:22 [268/453] 19dff9f3... (3094s, 0.09/s, ETA 2136s)
01:55:31 [269/453] 19df6e4d... (3103s, 0.09/s, ETA 2123s)
01:55:34 [270/453] 19dff9f5... (3106s, 0.09/s, ETA 2105s)
01:55:45 [271/453] 19dff9f2... (3118s, 0.09/s, ETA 2094s)
01:55:52 [272/453] 19df650c... (3124s, 0.09/s, ETA 2079s)
01:55:54 [273/453] 19dff9f0... (3126s, 0.09/s, ETA 2061s)
01:56:00 [274/453] 19dff9ef... (3132s, 0.09/s, ETA 2046s)
01:56:12 [275/453] 19dff9ed... (3144s, 0.09/s, ETA 2035s)
01:56:13 [276/453] 19df66fb... (3145s, 0.09/s, ETA 2017s)
01:56:24 [277/453] 19dff9ed... (3156s, 0.09/s, ETA 2005s)
01:56:35 [278/453] 19dff9eb... (3167s, 0.09/s, ETA 1994s)
01:56:37 [279/453] 19df6440... (3169s, 0.09/s, ETA 1977s)
01:56:47 [280/453] 19df61b1... (3179s, 0.09/s, ETA 1964s)
01:56:48 [281/453] 19dff9e8... (3180s, 0.09/s, ETA 1946s)
01:56:56 [282/453] 19dff9e7... (3188s, 0.09/s, ETA 1933s)
01:57:02 [283/453] 19df6192... (3194s, 0.09/s, ETA 1919s)
01:57:08 [284/453] 19dff9e7... (3200s, 0.09/s, ETA 1904s)
01:57:15 [285/453] 19df60f7... (3207s, 0.09/s, ETA 1891s)
01:57:20 [286/453] 19dff9e6... (3212s, 0.09/s, ETA 1876s)
01:57:28 [287/453] 19df6014... (3220s, 0.09/s, ETA 1862s)
01:57:30 [288/453] 19dff9e7... (3222s, 0.09/s, ETA 1846s)
01:57:44 [289/453] 19dff9e6... (3236s, 0.09/s, ETA 1837s)
01:57:50 [290/453] 19df5e2e... (3242s, 0.09/s, ETA 1822s)
01:57:56 [291/453] 19dff9ed... (3248s, 0.09/s, ETA 1808s)
01:58:02 [292/453] 19df5a80... (3254s, 0.09/s, ETA 1794s)
01:58:04 [293/453] 19dff9ec... (3256s, 0.09/s, ETA 1778s)
01:58:11 [294/453] 19dff9e4... (3263s, 0.09/s, ETA 1765s)
01:58:13 [295/453] 19df59d6... (3265s, 0.09/s, ETA 1749s)
01:58:22 [296/453] 19dff9e4... (3274s, 0.09/s, ETA 1736s)
01:58:24 [297/453] 19df7e7a... (3276s, 0.09/s, ETA 1721s)
01:58:32 [298/453] 19dff9e7... (3284s, 0.09/s, ETA 1708s)
01:58:39 [299/453] 19df5780... (3291s, 0.09/s, ETA 1695s)
01:58:41 [300/453] 19dff9e4... (3293s, 0.09/s, ETA 1680s)
01:58:49 [301/453] 19dff9df... (3301s, 0.09/s, ETA 1667s)
01:58:50 [302/453] 19df744a... (3302s, 0.09/s, ETA 1651s)
01:58:56 [303/453] 19dff9df... (3308s, 0.09/s, ETA 1638s)
01:59:02 [304/453] 19df76e0... (3314s, 0.09/s, ETA 1624s)
01:59:08 [305/453] 19dff9de... (3320s, 0.09/s, ETA 1611s)
01:59:13 [306/453] 19dff9de... (3325s, 0.09/s, ETA 1597s)
01:59:19 [307/453] 19df67d6... (3331s, 0.09/s, ETA 1584s)
01:59:22 [308/453] 19dff9d9... (3334s, 0.09/s, ETA 1570s)
01:59:28 [309/453] 19dff9d9... (3340s, 0.09/s, ETA 1557s)
01:59:35 [310/453] 19df577a... (3347s, 0.09/s, ETA 1544s)
01:59:37 [311/453] 19dff9d8... (3349s, 0.09/s, ETA 1529s)
01:59:45 [312/453] 19dff9d7... (3357s, 0.09/s, ETA 1517s)
01:59:53 [313/453] 19df55f2... (3365s, 0.09/s, ETA 1505s)
01:59:57 [314/453] 19dff9e9... (3369s, 0.09/s, ETA 1492s)
02:00:04 [315/453] 19df5202... (3376s, 0.09/s, ETA 1479s)
02:00:07 [316/453] 19dff9de... (3379s, 0.09/s, ETA 1465s)
02:00:18 [317/453] 19dff9d5... (3390s, 0.09/s, ETA 1454s)
02:00:22 [318/453] 19df802f... (3394s, 0.09/s, ETA 1441s)
02:00:29 [319/453] 19dff9e5... (3401s, 0.09/s, ETA 1429s)
02:00:36 [320/453] 19df8025... (3408s, 0.09/s, ETA 1416s)
02:00:41 [321/453] 19dff9e5... (3413s, 0.09/s, ETA 1404s)
02:00:52 [322/453] 19df7706... (3424s, 0.09/s, ETA 1393s)
02:00:53 [323/453] 19dff9e1... (3425s, 0.09/s, ETA 1378s)
02:01:04 [324/453] 19dff9d6... (3436s, 0.09/s, ETA 1368s)
02:01:10 [325/453] 19df5437... (3442s, 0.09/s, ETA 1356s)
02:01:12 [326/453] 19dff9ce... (3444s, 0.09/s, ETA 1342s)
02:01:23 [327/453] 19dff9c8... (3455s, 0.09/s, ETA 1331s)
02:01:25 [328/453] 19df5607... (3457s, 0.09/s, ETA 1317s)
02:01:33 [329/453] 19df53b5... (3465s, 0.09/s, ETA 1306s)
02:01:35 [330/453] 19dff9c6... (3467s, 0.10/s, ETA 1292s)
02:01:45 [331/453] 19df53b5... (3477s, 0.10/s, ETA 1281s)
02:01:47 [332/453] 19dff9c5... (3479s, 0.10/s, ETA 1268s)
02:01:57 [333/453] 19df5674... (3489s, 0.10/s, ETA 1257s)
02:01:58 [334/453] 19dff9c7... (3490s, 0.10/s, ETA 1244s)
02:02:09 [335/453] 19df50bc... (3501s, 0.10/s, ETA 1233s)
02:02:10 [336/453] 19dff9c5... (3502s, 0.10/s, ETA 1220s)
02:02:20 [337/453] 19df501e... (3512s, 0.10/s, ETA 1209s)
02:02:22 [338/453] 19dff9c4... (3514s, 0.10/s, ETA 1196s)
02:02:33 [339/453] 19dff9c1... (3525s, 0.10/s, ETA 1185s)
02:02:38 [340/453] 19df4e4e... (3530s, 0.10/s, ETA 1173s)
02:02:45 [341/453] 19dff9be... (3538s, 0.10/s, ETA 1162s)
02:02:57 [342/453] 19dff9bd... (3549s, 0.10/s, ETA 1152s)
02:02:57 [343/453] 19df51a2... (3549s, 0.10/s, ETA 1138s)
02:03:06 [344/453] 19dff9bb... (3558s, 0.10/s, ETA 1127s)
02:03:14 [345/453] 19df5078... (3566s, 0.10/s, ETA 1116s)
02:03:17 [346/453] 19dff9bb... (3570s, 0.10/s, ETA 1104s)
02:03:24 [347/453] 19df4e3a... (3576s, 0.10/s, ETA 1092s)
02:03:29 [348/453] 19dff9b9... (3581s, 0.10/s, ETA 1081s)
02:03:37 [349/453] 19df4d19... (3589s, 0.10/s, ETA 1070s)
02:03:41 [350/453] 19dff9ba... (3593s, 0.10/s, ETA 1057s)
02:03:52 [351/453] 19dff9b9... (3604s, 0.10/s, ETA 1047s)
02:04:03 [352/453] 19dff9b8... (3615s, 0.10/s, ETA 1037s)
02:04:05 [353/453] 19df4c2d... (3617s, 0.10/s, ETA 1025s)
02:04:15 [354/453] 19dff9b7... (3627s, 0.10/s, ETA 1014s)
02:04:26 [355/453] 19dff9b5... (3638s, 0.10/s, ETA 1004s)
02:04:27 [356/453] 19df4a04... (3639s, 0.10/s, ETA 992s)
02:04:38 [357/453] 19dff9b0... (3650s, 0.10/s, ETA 981s)
02:04:44 [358/453] 19df4974... (3656s, 0.10/s, ETA 970s)
02:04:50 [359/453] 19dff9ad... (3662s, 0.10/s, ETA 959s)
02:04:55 [360/453] 19df4966... (3667s, 0.10/s, ETA 947s)
02:04:58 [361/453] 19dff9b7... (3670s, 0.10/s, ETA 935s)
02:05:05 [362/453] 19df4927... (3677s, 0.10/s, ETA 924s)
02:05:11 [363/453] 19dff9b4... (3683s, 0.10/s, ETA 913s)
02:05:22 [364/453] 19dff9b1... (3694s, 0.10/s, ETA 903s)
02:05:33 [365/453] 19dff9b3... (3705s, 0.10/s, ETA 893s)
02:05:37 [366/453] 19df4830... (3709s, 0.10/s, ETA 882s)
02:05:41 [367/453] 19dff9b2... (3713s, 0.10/s, ETA 870s)
02:05:53 [368/453] 19dff9af... (3725s, 0.10/s, ETA 860s)
02:05:58 [369/453] 19df466a... (3730s, 0.10/s, ETA 849s)
02:06:08 [370/453] 19dff9af... (3740s, 0.10/s, ETA 839s)
02:06:16 [371/453] 19dff9ab... (3748s, 0.10/s, ETA 828s)
02:06:19 [372/453] 19df45d5... (3751s, 0.10/s, ETA 817s)
02:06:28 [373/453] 19dff9a7... (3760s, 0.10/s, ETA 806s)
02:06:36 [374/453] 19df44da... (3768s, 0.10/s, ETA 796s)
02:06:39 [375/453] 19dff9a7... (3771s, 0.10/s, ETA 784s)
02:06:48 [376/453] 19df45d8... (3780s, 0.10/s, ETA 774s)
02:07:01 [377/453] 19df46c4... (3793s, 0.10/s, ETA 765s)
02:07:02 [378/453] 19dff81b... (3794s, 0.10/s, ETA 753s)
02:07:13 [379/453] 19df4705... (3805s, 0.10/s, ETA 743s)
02:07:14 [380/453] 19dff757... (3806s, 0.10/s, ETA 731s)
02:07:24 [381/453] 19dff60b... (3816s, 0.10/s, ETA 721s)
02:07:29 [382/453] 19df4792... (3821s, 0.10/s, ETA 710s)
02:07:39 [383/453] 19df4660... (3831s, 0.10/s, ETA 700s)
02:07:42 [384/453] 19dff6df... (3834s, 0.10/s, ETA 689s)
02:07:51 [385/453] 19df45df... (3843s, 0.10/s, ETA 679s)
02:07:56 [386/453] 19dff6e1... (3848s, 0.10/s, ETA 668s)
02:08:03 [387/453] 19df436b... (3855s, 0.10/s, ETA 657s)
02:08:08 [388/453] 19dff5a8... (3860s, 0.10/s, ETA 647s)
02:08:19 [389/453] 19dff4f5... (3871s, 0.10/s, ETA 637s)
02:08:26 [390/453] 19df4471... (3878s, 0.10/s, ETA 626s)
02:08:31 [391/453] 19dff344... (3883s, 0.10/s, ETA 616s)
02:08:37 [392/453] 19df428e... (3889s, 0.10/s, ETA 605s)
02:08:44 [393/453] 19dff3e8... (3896s, 0.10/s, ETA 595s)
02:08:53 [394/453] 19dff23c... (3905s, 0.10/s, ETA 585s)
02:08:57 [395/453] 19df433c... (3909s, 0.10/s, ETA 574s)
02:09:06 [396/453] 19dff2e1... (3918s, 0.10/s, ETA 564s)
02:09:10 [397/453] 19df4154... (3922s, 0.10/s, ETA 553s)
02:09:19 [398/453] 19dfedee... (3931s, 0.10/s, ETA 543s)
02:09:30 [399/453] 19df41f4... (3942s, 0.10/s, ETA 534s)
02:09:35 [400/453] 19dfeedc... (3947s, 0.10/s, ETA 523s)
02:09:53 [401/453] 19df40d9... (3965s, 0.10/s, ETA 514s)
02:09:57 [402/453] 19dfec03... (3969s, 0.10/s, ETA 504s)
02:10:05 [403/453] 19df4048... (3977s, 0.10/s, ETA 493s)
02:10:11 [404/453] 19dfeca6... (3983s, 0.10/s, ETA 483s)
02:10:15 [405/453] 19df4045... (3987s, 0.10/s, ETA 472s)
02:10:21 [406/453] 19dfebbb... (3993s, 0.10/s, ETA 462s)
02:10:27 [407/453] 19dfead9... (3999s, 0.10/s, ETA 452s)
02:10:33 [408/453] 19df3f7c... (4005s, 0.10/s, ETA 442s)
02:10:42 [409/453] 19dfeb22... (4014s, 0.10/s, ETA 432s)
02:10:46 [410/453] 19df3f6a... (4018s, 0.10/s, ETA 421s)
02:10:56 [411/453] 19dfea9d... (4028s, 0.10/s, ETA 412s)
02:11:07 [412/453] 19df4057... (4039s, 0.10/s, ETA 402s)
02:11:08 [413/453] 19dfe9bb... (4041s, 0.10/s, ETA 391s)
02:11:19 [414/453] 19dfe832... (4051s, 0.10/s, ETA 382s)
02:11:31 [415/453] 19dfe808... (4063s, 0.10/s, ETA 372s)
02:11:36 [416/453] 19df4006... (4068s, 0.10/s, ETA 362s)
02:11:42 [417/453] 19dfe812... (4074s, 0.10/s, ETA 352s)
02:11:50 [418/453] 19dfe63b... (4082s, 0.10/s, ETA 342s)
02:11:52 [419/453] 19df3f51... (4084s, 0.10/s, ETA 331s)
02:12:09 [420/453] 19dfe617... (4101s, 0.10/s, ETA 322s)
02:12:11 [421/453] 19df3f42... (4103s, 0.10/s, ETA 312s)
02:12:22 [422/453] 19df3f3e... (4114s, 0.10/s, ETA 302s)
02:12:27 [423/453] 19dfe695... (4119s, 0.10/s, ETA 292s)
02:12:33 [424/453] 19df3f33... (4125s, 0.10/s, ETA 282s)
02:12:40 [425/453] 19dfe535... (4132s, 0.10/s, ETA 272s)
02:12:52 [426/453] 19df3f31... (4144s, 0.10/s, ETA 263s)
02:13:01 [427/453] 19dfe5c6... (4153s, 0.10/s, ETA 253s)
02:13:21 [428/453] 19dfe582... (4173s, 0.10/s, ETA 244s)
02:13:22 [429/453] 19df3f18... (4174s, 0.10/s, ETA 234s)
02:13:32 [430/453] 19df3e86... (4184s, 0.10/s, ETA 224s)
02:13:45 [431/453] 19dfe415... (4197s, 0.10/s, ETA 214s)
02:13:50 [432/453] 19df3d87... (4202s, 0.10/s, ETA 204s)
02:13:59 [433/453] 19dfe4c5... (4211s, 0.10/s, ETA 194s)
02:13:59 [434/453] 19df3d69... (4211s, 0.10/s, ETA 184s)
02:14:08 [435/453] 19df3bb7... (4220s, 0.10/s, ETA 175s)
02:14:20 [436/453] 19df3a9a... (4232s, 0.10/s, ETA 165s)
02:14:29 [437/453] 19df3a0a... (4241s, 0.10/s, ETA 155s)
02:14:36 [438/453] 19df38c4... (4248s, 0.10/s, ETA 145s)
02:14:51 [439/453] 19df3ebf... (4263s, 0.10/s, ETA 136s)
02:14:58 [440/453] 19df3ed2... (4270s, 0.10/s, ETA 126s)
02:15:06 [441/453] 19df3d6a... (4278s, 0.10/s, ETA 116s)
02:15:17 [442/453] 19df3bcb... (4289s, 0.10/s, ETA 107s)
02:15:24 [443/453] 19df3a68... (4296s, 0.10/s, ETA 97s)
02:15:29 [444/453] 19df39f5... (4301s, 0.10/s, ETA 87s)
02:15:36 [445/453] 19df3982... (4308s, 0.10/s, ETA 77s)
02:15:43 [446/453] 19df384c... (4315s, 0.10/s, ETA 68s)
02:15:52 [447/453] 19df36c9... (4324s, 0.10/s, ETA 58s)
02:15:57 [448/453] 19df3653... (4329s, 0.10/s, ETA 48s)
02:16:11 [449/453] 19df3631... (4343s, 0.10/s, ETA 39s)
02:16:23 [450/453] 19df3616... (4355s, 0.10/s, ETA 29s)
02:16:30 [451/453] 19df34f5... (4362s, 0.10/s, ETA 19s)
02:16:40 [452/453] 19df3599... (4372s, 0.10/s, ETA 10s)
02:16:53 [453/453] 19df3467... (4385s, 0.10/s, ETA 0s)
02:16:54 
============================================================
02:16:54 Done! Processed 478 emails in 4386s
02:16:54 Rate: 0.11 emails/sec (9s per email)
02:16:54 Saved to /home/jason/.hermes/emails/tier3.jsonl
02:16:54 
Content stats:
02:16:54   Purpose: 474/478 (99%)
02:16:54   Entities: 359/478 (75%)
02:16:54   Actions: 101/478 (21%)
